<testsuites id="" name="" tests="21" failures="21" skipped="0" errors="0" time="102.355514">
<testsuite name="auth/user-authentication-flow.spec.ts" timestamp="2025-08-28T22:44:30.258Z" hostname="chromium" tests="21" failures="21" skipped="0" time="248.811" errors="0">
<testcase name="Benutzer-Authentifizierung - E2E Tests › Registrierungs-Flow › sollte erfolgreiche Benutzerregistrierung ermöglichen" classname="auth/user-authentication-flow.spec.ts" time="12.589">
<failure message="user-authentication-flow.spec.ts:22:5 sollte erfolgreiche Benutzerregistrierung ermöglichen" type="FAILURE">
<![CDATA[  [chromium] › auth/user-authentication-flow.spec.ts:22:5 › Benutzer-Authentifizierung - E2E Tests › Registrierungs-Flow › sollte erfolgreiche Benutzerregistrierung ermöglichen 

    TimeoutError: page.fill: Timeout 10000ms exceeded.
    Call log:
      - waiting for locator('input[name="email"]')


      35 |
      36 |       // Fülle Registrierungsformular aus (aktuelles UI: name + username)
    > 37 |       await page.fill('input[name="email"]', testEmail);
         |                  ^
      38 |       await page.fill('input[name="password"]', testPassword);
      39 |       await page.fill('input[name="name"]', userData.name);
      40 |       await page.fill('input[name="username"]', userData.username);
        at /Users/lucas/Downloads/EvolutionHub_Bundle_v1.7_full/evolution-hub/test-suite-v2/src/e2e/auth/user-authentication-flow.spec.ts:37:18

    attachment #1: screenshot (image/png) ──────────────────────────────────────────────────────────
    ../../reports/playwright-results/auth-user-authentication-f-974cc-erregistrierung-ermöglichen-chromium/test-failed-1.png
    ────────────────────────────────────────────────────────────────────────────────────────────────

    attachment #2: video (video/webm) ──────────────────────────────────────────────────────────────
    ../../reports/playwright-results/auth-user-authentication-f-974cc-erregistrierung-ermöglichen-chromium/video.webm
    ────────────────────────────────────────────────────────────────────────────────────────────────

    Error Context: ../../reports/playwright-results/auth-user-authentication-f-974cc-erregistrierung-ermöglichen-chromium/error-context.md
]]>
</failure>
<system-out>
<![CDATA[
[[ATTACHMENT|playwright-results/auth-user-authentication-f-974cc-erregistrierung-ermöglichen-chromium/test-failed-1.png]]

[[ATTACHMENT|playwright-results/auth-user-authentication-f-974cc-erregistrierung-ermöglichen-chromium/video.webm]]

[[ATTACHMENT|playwright-results/auth-user-authentication-f-974cc-erregistrierung-ermöglichen-chromium/error-context.md]]
]]>
</system-out>
</testcase>
<testcase name="Benutzer-Authentifizierung - E2E Tests › Registrierungs-Flow › sollte Registrierung bei ungültigen Daten ablehnen" classname="auth/user-authentication-flow.spec.ts" time="12.639">
<failure message="user-authentication-flow.spec.ts:55:5 sollte Registrierung bei ungültigen Daten ablehnen" type="FAILURE">
<![CDATA[  [chromium] › auth/user-authentication-flow.spec.ts:55:5 › Benutzer-Authentifizierung - E2E Tests › Registrierungs-Flow › sollte Registrierung bei ungültigen Daten ablehnen 

    TimeoutError: page.fill: Timeout 10000ms exceeded.
    Call log:
      - waiting for locator('input[name="email"]')


      58 |
      59 |       // Fülle Formular mit ungültigen Daten
    > 60 |       await page.fill('input[name="email"]', 'invalid-email');
         |                  ^
      61 |       await page.fill('input[name="password"]', '123'); // Zu kurz
      62 |       await page.fill('input[name="name"]', '');
      63 |       await page.fill('input[name="username"]', '');
        at /Users/lucas/Downloads/EvolutionHub_Bundle_v1.7_full/evolution-hub/test-suite-v2/src/e2e/auth/user-authentication-flow.spec.ts:60:18

    attachment #1: screenshot (image/png) ──────────────────────────────────────────────────────────
    ../../reports/playwright-results/auth-user-authentication-f-397ac-i-ungültigen-Daten-ablehnen-chromium/test-failed-1.png
    ────────────────────────────────────────────────────────────────────────────────────────────────

    attachment #2: video (video/webm) ──────────────────────────────────────────────────────────────
    ../../reports/playwright-results/auth-user-authentication-f-397ac-i-ungültigen-Daten-ablehnen-chromium/video.webm
    ────────────────────────────────────────────────────────────────────────────────────────────────

    Error Context: ../../reports/playwright-results/auth-user-authentication-f-397ac-i-ungültigen-Daten-ablehnen-chromium/error-context.md
]]>
</failure>
<system-out>
<![CDATA[
[[ATTACHMENT|playwright-results/auth-user-authentication-f-397ac-i-ungültigen-Daten-ablehnen-chromium/test-failed-1.png]]

[[ATTACHMENT|playwright-results/auth-user-authentication-f-397ac-i-ungültigen-Daten-ablehnen-chromium/video.webm]]

[[ATTACHMENT|playwright-results/auth-user-authentication-f-397ac-i-ungültigen-Daten-ablehnen-chromium/error-context.md]]
]]>
</system-out>
</testcase>
<testcase name="Benutzer-Authentifizierung - E2E Tests › Registrierungs-Flow › sollte Registrierung bei bereits existierender Email ablehnen" classname="auth/user-authentication-flow.spec.ts" time="12.523">
<failure message="user-authentication-flow.spec.ts:74:5 sollte Registrierung bei bereits existierender Email ablehnen" type="FAILURE">
<![CDATA[  [chromium] › auth/user-authentication-flow.spec.ts:74:5 › Benutzer-Authentifizierung - E2E Tests › Registrierungs-Flow › sollte Registrierung bei bereits existierender Email ablehnen 

    TimeoutError: page.fill: Timeout 10000ms exceeded.
    Call log:
      - waiting for locator('input[name="email"]')


      78 |       // Verwende bereits existierende Test-Email
      79 |       const existingUsername = `e2e-existing-${Date.now()}`;
    > 80 |       await page.fill('input[name="email"]', 'admin@test-suite.local');
         |                  ^
      81 |       await page.fill('input[name="password"]', 'TestPass123!');
      82 |       await page.fill('input[name="name"]', 'Test User');
      83 |       await page.fill('input[name="username"]', existingUsername);
        at /Users/lucas/Downloads/EvolutionHub_Bundle_v1.7_full/evolution-hub/test-suite-v2/src/e2e/auth/user-authentication-flow.spec.ts:80:18

    attachment #1: screenshot (image/png) ──────────────────────────────────────────────────────────
    ../../reports/playwright-results/auth-user-authentication-f-12a9c-xistierender-Email-ablehnen-chromium/test-failed-1.png
    ────────────────────────────────────────────────────────────────────────────────────────────────

    attachment #2: video (video/webm) ──────────────────────────────────────────────────────────────
    ../../reports/playwright-results/auth-user-authentication-f-12a9c-xistierender-Email-ablehnen-chromium/video.webm
    ────────────────────────────────────────────────────────────────────────────────────────────────

    Error Context: ../../reports/playwright-results/auth-user-authentication-f-12a9c-xistierender-Email-ablehnen-chromium/error-context.md
]]>
</failure>
<system-out>
<![CDATA[
[[ATTACHMENT|playwright-results/auth-user-authentication-f-12a9c-xistierender-Email-ablehnen-chromium/test-failed-1.png]]

[[ATTACHMENT|playwright-results/auth-user-authentication-f-12a9c-xistierender-Email-ablehnen-chromium/video.webm]]

[[ATTACHMENT|playwright-results/auth-user-authentication-f-12a9c-xistierender-Email-ablehnen-chromium/error-context.md]]
]]>
</system-out>
</testcase>
<testcase name="Benutzer-Authentifizierung - E2E Tests › Login-Flow › sollte erfolgreichen Login für Admin-Benutzer ermöglichen" classname="auth/user-authentication-flow.spec.ts" time="12.654">
<failure message="user-authentication-flow.spec.ts:95:5 sollte erfolgreichen Login für Admin-Benutzer ermöglichen" type="FAILURE">
<![CDATA[  [chromium] › auth/user-authentication-flow.spec.ts:95:5 › Benutzer-Authentifizierung - E2E Tests › Login-Flow › sollte erfolgreichen Login für Admin-Benutzer ermöglichen 

    TimeoutError: page.fill: Timeout 10000ms exceeded.
    Call log:
      - waiting for locator('input[name="email"]')


       98 |
       99 |       // Fülle Login-Formular
    > 100 |       await page.fill('input[name="email"]', 'admin@test-suite.local');
          |                  ^
      101 |       await page.fill('input[name="password"]', 'AdminPass123!');
      102 |
      103 |       // Sende Formular
        at /Users/lucas/Downloads/EvolutionHub_Bundle_v1.7_full/evolution-hub/test-suite-v2/src/e2e/auth/user-authentication-flow.spec.ts:100:18

    attachment #1: screenshot (image/png) ──────────────────────────────────────────────────────────
    ../../reports/playwright-results/auth-user-authentication-f-c7068--Admin-Benutzer-ermöglichen-chromium/test-failed-1.png
    ────────────────────────────────────────────────────────────────────────────────────────────────

    attachment #2: video (video/webm) ──────────────────────────────────────────────────────────────
    ../../reports/playwright-results/auth-user-authentication-f-c7068--Admin-Benutzer-ermöglichen-chromium/video.webm
    ────────────────────────────────────────────────────────────────────────────────────────────────

    Error Context: ../../reports/playwright-results/auth-user-authentication-f-c7068--Admin-Benutzer-ermöglichen-chromium/error-context.md
]]>
</failure>
<system-out>
<![CDATA[
[[ATTACHMENT|playwright-results/auth-user-authentication-f-c7068--Admin-Benutzer-ermöglichen-chromium/test-failed-1.png]]

[[ATTACHMENT|playwright-results/auth-user-authentication-f-c7068--Admin-Benutzer-ermöglichen-chromium/video.webm]]

[[ATTACHMENT|playwright-results/auth-user-authentication-f-c7068--Admin-Benutzer-ermöglichen-chromium/error-context.md]]
]]>
</system-out>
</testcase>
<testcase name="Benutzer-Authentifizierung - E2E Tests › Login-Flow › sollte erfolgreichen Login für regulären Benutzer ermöglichen" classname="auth/user-authentication-flow.spec.ts" time="11.653">
<failure message="user-authentication-flow.spec.ts:113:5 sollte erfolgreichen Login für regulären Benutzer ermöglichen" type="FAILURE">
<![CDATA[  [chromium] › auth/user-authentication-flow.spec.ts:113:5 › Benutzer-Authentifizierung - E2E Tests › Login-Flow › sollte erfolgreichen Login für regulären Benutzer ermöglichen 

    TimeoutError: page.fill: Timeout 10000ms exceeded.
    Call log:
      - waiting for locator('input[name="email"]')


      116 |
      117 |       // Fülle Login-Formular
    > 118 |       await page.fill('input[name="email"]', 'user@test-suite.local');
          |                  ^
      119 |       await page.fill('input[name="password"]', 'UserPass123!');
      120 |
      121 |       await page.click('button[type="submit"]');
        at /Users/lucas/Downloads/EvolutionHub_Bundle_v1.7_full/evolution-hub/test-suite-v2/src/e2e/auth/user-authentication-flow.spec.ts:118:18

    attachment #1: screenshot (image/png) ──────────────────────────────────────────────────────────
    ../../reports/playwright-results/auth-user-authentication-f-38384-ulären-Benutzer-ermöglichen-chromium/test-failed-1.png
    ────────────────────────────────────────────────────────────────────────────────────────────────

    attachment #2: video (video/webm) ──────────────────────────────────────────────────────────────
    ../../reports/playwright-results/auth-user-authentication-f-38384-ulären-Benutzer-ermöglichen-chromium/video.webm
    ────────────────────────────────────────────────────────────────────────────────────────────────

    Error Context: ../../reports/playwright-results/auth-user-authentication-f-38384-ulären-Benutzer-ermöglichen-chromium/error-context.md
]]>
</failure>
<system-out>
<![CDATA[
[[ATTACHMENT|playwright-results/auth-user-authentication-f-38384-ulären-Benutzer-ermöglichen-chromium/test-failed-1.png]]

[[ATTACHMENT|playwright-results/auth-user-authentication-f-38384-ulären-Benutzer-ermöglichen-chromium/video.webm]]

[[ATTACHMENT|playwright-results/auth-user-authentication-f-38384-ulären-Benutzer-ermöglichen-chromium/error-context.md]]
]]>
</system-out>
</testcase>
<testcase name="Benutzer-Authentifizierung - E2E Tests › Login-Flow › sollte fehlgeschlagenen Login bei falschen Anmeldedaten ablehnen" classname="auth/user-authentication-flow.spec.ts" time="11.96">
<failure message="user-authentication-flow.spec.ts:134:5 sollte fehlgeschlagenen Login bei falschen Anmeldedaten ablehnen" type="FAILURE">
<![CDATA[  [chromium] › auth/user-authentication-flow.spec.ts:134:5 › Benutzer-Authentifizierung - E2E Tests › Login-Flow › sollte fehlgeschlagenen Login bei falschen Anmeldedaten ablehnen 

    TimeoutError: page.fill: Timeout 10000ms exceeded.
    Call log:
      - waiting for locator('input[name="email"]')


      137 |
      138 |       // Fülle Formular mit falschen Daten
    > 139 |       await page.fill('input[name="email"]', 'admin@test-suite.local');
          |                  ^
      140 |       await page.fill('input[name="password"]', 'wrongpassword');
      141 |
      142 |       await page.click('button[type="submit"]');
        at /Users/lucas/Downloads/EvolutionHub_Bundle_v1.7_full/evolution-hub/test-suite-v2/src/e2e/auth/user-authentication-flow.spec.ts:139:18

    attachment #1: screenshot (image/png) ──────────────────────────────────────────────────────────
    ../../reports/playwright-results/auth-user-authentication-f-f177b-schen-Anmeldedaten-ablehnen-chromium/test-failed-1.png
    ────────────────────────────────────────────────────────────────────────────────────────────────

    attachment #2: video (video/webm) ──────────────────────────────────────────────────────────────
    ../../reports/playwright-results/auth-user-authentication-f-f177b-schen-Anmeldedaten-ablehnen-chromium/video.webm
    ────────────────────────────────────────────────────────────────────────────────────────────────

    Error Context: ../../reports/playwright-results/auth-user-authentication-f-f177b-schen-Anmeldedaten-ablehnen-chromium/error-context.md
]]>
</failure>
<system-out>
<![CDATA[
[[ATTACHMENT|playwright-results/auth-user-authentication-f-f177b-schen-Anmeldedaten-ablehnen-chromium/test-failed-1.png]]

[[ATTACHMENT|playwright-results/auth-user-authentication-f-f177b-schen-Anmeldedaten-ablehnen-chromium/video.webm]]

[[ATTACHMENT|playwright-results/auth-user-authentication-f-f177b-schen-Anmeldedaten-ablehnen-chromium/error-context.md]]
]]>
</system-out>
</testcase>
<testcase name="Benutzer-Authentifizierung - E2E Tests › Login-Flow › sollte &quot;Passwort vergessen&quot; Flow ermöglichen" classname="auth/user-authentication-flow.spec.ts" time="12.034">
<failure message="user-authentication-flow.spec.ts:151:5 sollte &quot;Passwort vergessen&quot; Flow ermöglichen" type="FAILURE">
<![CDATA[  [chromium] › auth/user-authentication-flow.spec.ts:151:5 › Benutzer-Authentifizierung - E2E Tests › Login-Flow › sollte "Passwort vergessen" Flow ermöglichen 

    TimeoutError: page.click: Timeout 10000ms exceeded.
    Call log:
      - waiting for locator('text=/passwort.*vergessen|forgot.*password/')


      154 |
      155 |       // Klicke auf "Passwort vergessen" Link
    > 156 |       await page.click('text=/passwort.*vergessen|forgot.*password/');
          |                  ^
      157 |
      158 |       // Warte auf Passwort-zurücksetzen-Seite
      159 |       await page.waitForURL('**/forgot-password');
        at /Users/lucas/Downloads/EvolutionHub_Bundle_v1.7_full/evolution-hub/test-suite-v2/src/e2e/auth/user-authentication-flow.spec.ts:156:18

    attachment #1: screenshot (image/png) ──────────────────────────────────────────────────────────
    ../../reports/playwright-results/auth-user-authentication-f-fd556--vergessen-Flow-ermöglichen-chromium/test-failed-1.png
    ────────────────────────────────────────────────────────────────────────────────────────────────

    attachment #2: video (video/webm) ──────────────────────────────────────────────────────────────
    ../../reports/playwright-results/auth-user-authentication-f-fd556--vergessen-Flow-ermöglichen-chromium/video.webm
    ────────────────────────────────────────────────────────────────────────────────────────────────

    Error Context: ../../reports/playwright-results/auth-user-authentication-f-fd556--vergessen-Flow-ermöglichen-chromium/error-context.md
]]>
</failure>
<system-out>
<![CDATA[
[[ATTACHMENT|playwright-results/auth-user-authentication-f-fd556--vergessen-Flow-ermöglichen-chromium/test-failed-1.png]]

[[ATTACHMENT|playwright-results/auth-user-authentication-f-fd556--vergessen-Flow-ermöglichen-chromium/video.webm]]

[[ATTACHMENT|playwright-results/auth-user-authentication-f-fd556--vergessen-Flow-ermöglichen-chromium/error-context.md]]
]]>
</system-out>
</testcase>
<testcase name="Benutzer-Authentifizierung - E2E Tests › Session-Management › sollte Benutzer-Session über Browser-Refresh erhalten" classname="auth/user-authentication-flow.spec.ts" time="11.791">
<failure message="user-authentication-flow.spec.ts:173:5 sollte Benutzer-Session über Browser-Refresh erhalten" type="FAILURE">
<![CDATA[  [chromium] › auth/user-authentication-flow.spec.ts:173:5 › Benutzer-Authentifizierung - E2E Tests › Session-Management › sollte Benutzer-Session über Browser-Refresh erhalten 

    TimeoutError: page.fill: Timeout 10000ms exceeded.
    Call log:
      - waiting for locator('input[name="email"]')


      176 |       await page.waitForLoadState('networkidle');
      177 |
    > 178 |       await page.fill('input[name="email"]', 'admin@test-suite.local');
          |                  ^
      179 |       await page.fill('input[name="password"]', 'AdminPass123!');
      180 |       await page.click('button[type="submit"]');
      181 |
        at /Users/lucas/Downloads/EvolutionHub_Bundle_v1.7_full/evolution-hub/test-suite-v2/src/e2e/auth/user-authentication-flow.spec.ts:178:18

    attachment #1: screenshot (image/png) ──────────────────────────────────────────────────────────
    ../../reports/playwright-results/auth-user-authentication-f-39472-er-Browser-Refresh-erhalten-chromium/test-failed-1.png
    ────────────────────────────────────────────────────────────────────────────────────────────────

    attachment #2: video (video/webm) ──────────────────────────────────────────────────────────────
    ../../reports/playwright-results/auth-user-authentication-f-39472-er-Browser-Refresh-erhalten-chromium/video.webm
    ────────────────────────────────────────────────────────────────────────────────────────────────

    Error Context: ../../reports/playwright-results/auth-user-authentication-f-39472-er-Browser-Refresh-erhalten-chromium/error-context.md
]]>
</failure>
<system-out>
<![CDATA[
[[ATTACHMENT|playwright-results/auth-user-authentication-f-39472-er-Browser-Refresh-erhalten-chromium/test-failed-1.png]]

[[ATTACHMENT|playwright-results/auth-user-authentication-f-39472-er-Browser-Refresh-erhalten-chromium/video.webm]]

[[ATTACHMENT|playwright-results/auth-user-authentication-f-39472-er-Browser-Refresh-erhalten-chromium/error-context.md]]
]]>
</system-out>
</testcase>
<testcase name="Benutzer-Authentifizierung - E2E Tests › Session-Management › sollte Logout korrekt durchführen" classname="auth/user-authentication-flow.spec.ts" time="11.428">
<failure message="user-authentication-flow.spec.ts:195:5 sollte Logout korrekt durchführen" type="FAILURE">
<![CDATA[  [chromium] › auth/user-authentication-flow.spec.ts:195:5 › Benutzer-Authentifizierung - E2E Tests › Session-Management › sollte Logout korrekt durchführen 

    TimeoutError: page.fill: Timeout 10000ms exceeded.
    Call log:
      - waiting for locator('input[name="email"]')


      196 |       // Login durchführen
      197 |       await page.goto('/de/login');
    > 198 |       await page.fill('input[name="email"]', 'admin@test-suite.local');
          |                  ^
      199 |       await page.fill('input[name="password"]', 'AdminPass123!');
      200 |       await page.click('button[type="submit"]');
      201 |       await page.waitForURL('**/dashboard');
        at /Users/lucas/Downloads/EvolutionHub_Bundle_v1.7_full/evolution-hub/test-suite-v2/src/e2e/auth/user-authentication-flow.spec.ts:198:18

    attachment #1: screenshot (image/png) ──────────────────────────────────────────────────────────
    ../../reports/playwright-results/auth-user-authentication-f-7d182--Logout-korrekt-durchführen-chromium/test-failed-1.png
    ────────────────────────────────────────────────────────────────────────────────────────────────

    attachment #2: video (video/webm) ──────────────────────────────────────────────────────────────
    ../../reports/playwright-results/auth-user-authentication-f-7d182--Logout-korrekt-durchführen-chromium/video.webm
    ────────────────────────────────────────────────────────────────────────────────────────────────

    Error Context: ../../reports/playwright-results/auth-user-authentication-f-7d182--Logout-korrekt-durchführen-chromium/error-context.md
]]>
</failure>
<system-out>
<![CDATA[
[[ATTACHMENT|playwright-results/auth-user-authentication-f-7d182--Logout-korrekt-durchführen-chromium/test-failed-1.png]]

[[ATTACHMENT|playwright-results/auth-user-authentication-f-7d182--Logout-korrekt-durchführen-chromium/video.webm]]

[[ATTACHMENT|playwright-results/auth-user-authentication-f-7d182--Logout-korrekt-durchführen-chromium/error-context.md]]
]]>
</system-out>
</testcase>
<testcase name="Benutzer-Authentifizierung - E2E Tests › Session-Management › sollte Session-Timeout behandeln" classname="auth/user-authentication-flow.spec.ts" time="11.294">
<failure message="user-authentication-flow.spec.ts:220:5 sollte Session-Timeout behandeln" type="FAILURE">
<![CDATA[  [chromium] › auth/user-authentication-flow.spec.ts:220:5 › Benutzer-Authentifizierung - E2E Tests › Session-Management › sollte Session-Timeout behandeln 

    TimeoutError: page.fill: Timeout 10000ms exceeded.
    Call log:
      - waiting for locator('input[name="email"]')


      221 |       // Login durchführen
      222 |       await page.goto('/de/login');
    > 223 |       await page.fill('input[name="email"]', 'admin@test-suite.local');
          |                  ^
      224 |       await page.fill('input[name="password"]', 'AdminPass123!');
      225 |       await page.click('button[type="submit"]');
      226 |       await page.waitForURL('**/dashboard');
        at /Users/lucas/Downloads/EvolutionHub_Bundle_v1.7_full/evolution-hub/test-suite-v2/src/e2e/auth/user-authentication-flow.spec.ts:223:18

    attachment #1: screenshot (image/png) ──────────────────────────────────────────────────────────
    ../../reports/playwright-results/auth-user-authentication-f-b8780-e-Session-Timeout-behandeln-chromium/test-failed-1.png
    ────────────────────────────────────────────────────────────────────────────────────────────────

    attachment #2: video (video/webm) ──────────────────────────────────────────────────────────────
    ../../reports/playwright-results/auth-user-authentication-f-b8780-e-Session-Timeout-behandeln-chromium/video.webm
    ────────────────────────────────────────────────────────────────────────────────────────────────

    Error Context: ../../reports/playwright-results/auth-user-authentication-f-b8780-e-Session-Timeout-behandeln-chromium/error-context.md
]]>
</failure>
<system-out>
<![CDATA[
[[ATTACHMENT|playwright-results/auth-user-authentication-f-b8780-e-Session-Timeout-behandeln-chromium/test-failed-1.png]]

[[ATTACHMENT|playwright-results/auth-user-authentication-f-b8780-e-Session-Timeout-behandeln-chromium/video.webm]]

[[ATTACHMENT|playwright-results/auth-user-authentication-f-b8780-e-Session-Timeout-behandeln-chromium/error-context.md]]
]]>
</system-out>
</testcase>
<testcase name="Benutzer-Authentifizierung - E2E Tests › Sicherheit und Validierung › sollte XSS-Angriffe in Formularfeldern verhindern" classname="auth/user-authentication-flow.spec.ts" time="12.327">
<failure message="user-authentication-flow.spec.ts:244:5 sollte XSS-Angriffe in Formularfeldern verhindern" type="FAILURE">
<![CDATA[  [chromium] › auth/user-authentication-flow.spec.ts:244:5 › Benutzer-Authentifizierung - E2E Tests › Sicherheit und Validierung › sollte XSS-Angriffe in Formularfeldern verhindern 

    TimeoutError: page.fill: Timeout 10000ms exceeded.
    Call log:
      - waiting for locator('input[name="name"]')


      249 |
      250 |       // Fülle Formular mit XSS-Payload
    > 251 |       await page.fill('input[name="name"]', xssPayload);
          |                  ^
      252 |       await page.fill('input[name="username"]', 'Test');
      253 |       await page.fill('input[name="email"]', `test-${Date.now()}@test-suite.local`);
      254 |       await page.fill('input[name="password"]', 'TestPass123!');
        at /Users/lucas/Downloads/EvolutionHub_Bundle_v1.7_full/evolution-hub/test-suite-v2/src/e2e/auth/user-authentication-flow.spec.ts:251:18

    attachment #1: screenshot (image/png) ──────────────────────────────────────────────────────────
    ../../reports/playwright-results/auth-user-authentication-f-2b613--Formularfeldern-verhindern-chromium/test-failed-1.png
    ────────────────────────────────────────────────────────────────────────────────────────────────

    attachment #2: video (video/webm) ──────────────────────────────────────────────────────────────
    ../../reports/playwright-results/auth-user-authentication-f-2b613--Formularfeldern-verhindern-chromium/video.webm
    ────────────────────────────────────────────────────────────────────────────────────────────────

    Error Context: ../../reports/playwright-results/auth-user-authentication-f-2b613--Formularfeldern-verhindern-chromium/error-context.md
]]>
</failure>
<system-out>
<![CDATA[
[[ATTACHMENT|playwright-results/auth-user-authentication-f-2b613--Formularfeldern-verhindern-chromium/test-failed-1.png]]

[[ATTACHMENT|playwright-results/auth-user-authentication-f-2b613--Formularfeldern-verhindern-chromium/video.webm]]

[[ATTACHMENT|playwright-results/auth-user-authentication-f-2b613--Formularfeldern-verhindern-chromium/error-context.md]]
]]>
</system-out>
</testcase>
<testcase name="Benutzer-Authentifizierung - E2E Tests › Sicherheit und Validierung › sollte CSRF-Schutz implementieren" classname="auth/user-authentication-flow.spec.ts" time="11.184">
<failure message="user-authentication-flow.spec.ts:268:5 sollte CSRF-Schutz implementieren" type="FAILURE">
<![CDATA[  [chromium] › auth/user-authentication-flow.spec.ts:268:5 › Benutzer-Authentifizierung - E2E Tests › Sicherheit und Validierung › sollte CSRF-Schutz implementieren 

    TimeoutError: page.fill: Timeout 10000ms exceeded.
    Call log:
      - waiting for locator('input[name="email"]')


      269 |       // Login durchführen
      270 |       await page.goto('/de/login');
    > 271 |       await page.fill('input[name="email"]', 'admin@test-suite.local');
          |                  ^
      272 |       await page.fill('input[name="password"]', 'AdminPass123!');
      273 |       await page.click('button[type="submit"]');
      274 |       await page.waitForURL('**/dashboard');
        at /Users/lucas/Downloads/EvolutionHub_Bundle_v1.7_full/evolution-hub/test-suite-v2/src/e2e/auth/user-authentication-flow.spec.ts:271:18

    attachment #1: screenshot (image/png) ──────────────────────────────────────────────────────────
    ../../reports/playwright-results/auth-user-authentication-f-10a6a--CSRF-Schutz-implementieren-chromium/test-failed-1.png
    ────────────────────────────────────────────────────────────────────────────────────────────────

    attachment #2: video (video/webm) ──────────────────────────────────────────────────────────────
    ../../reports/playwright-results/auth-user-authentication-f-10a6a--CSRF-Schutz-implementieren-chromium/video.webm
    ────────────────────────────────────────────────────────────────────────────────────────────────

    Error Context: ../../reports/playwright-results/auth-user-authentication-f-10a6a--CSRF-Schutz-implementieren-chromium/error-context.md
]]>
</failure>
<system-out>
<![CDATA[
[[ATTACHMENT|playwright-results/auth-user-authentication-f-10a6a--CSRF-Schutz-implementieren-chromium/test-failed-1.png]]

[[ATTACHMENT|playwright-results/auth-user-authentication-f-10a6a--CSRF-Schutz-implementieren-chromium/video.webm]]

[[ATTACHMENT|playwright-results/auth-user-authentication-f-10a6a--CSRF-Schutz-implementieren-chromium/error-context.md]]
]]>
</system-out>
</testcase>
<testcase name="Benutzer-Authentifizierung - E2E Tests › Sicherheit und Validierung › sollte Rate-Limiting für Login-Versuche implementieren" classname="auth/user-authentication-flow.spec.ts" time="12.519">
<failure message="user-authentication-flow.spec.ts:292:5 sollte Rate-Limiting für Login-Versuche implementieren" type="FAILURE">
<![CDATA[  [chromium] › auth/user-authentication-flow.spec.ts:292:5 › Benutzer-Authentifizierung - E2E Tests › Sicherheit und Validierung › sollte Rate-Limiting für Login-Versuche implementieren 

    TimeoutError: page.fill: Timeout 10000ms exceeded.
    Call log:
      - waiting for locator('input[name="email"]')


      296 |       // Mehrere schnelle Login-Versuche
      297 |       for (let i = 0; i < 5; i++) {
    > 298 |         await page.fill('input[name="email"]', 'admin@test-suite.local');
          |                    ^
      299 |         await page.fill('input[name="password"]', 'wrongpassword');
      300 |         await page.click('button[type="submit"]');
      301 |
        at /Users/lucas/Downloads/EvolutionHub_Bundle_v1.7_full/evolution-hub/test-suite-v2/src/e2e/auth/user-authentication-flow.spec.ts:298:20

    attachment #1: screenshot (image/png) ──────────────────────────────────────────────────────────
    ../../reports/playwright-results/auth-user-authentication-f-89d2d-gin-Versuche-implementieren-chromium/test-failed-1.png
    ────────────────────────────────────────────────────────────────────────────────────────────────

    attachment #2: video (video/webm) ──────────────────────────────────────────────────────────────
    ../../reports/playwright-results/auth-user-authentication-f-89d2d-gin-Versuche-implementieren-chromium/video.webm
    ────────────────────────────────────────────────────────────────────────────────────────────────

    Error Context: ../../reports/playwright-results/auth-user-authentication-f-89d2d-gin-Versuche-implementieren-chromium/error-context.md
]]>
</failure>
<system-out>
<![CDATA[
[[ATTACHMENT|playwright-results/auth-user-authentication-f-89d2d-gin-Versuche-implementieren-chromium/test-failed-1.png]]

[[ATTACHMENT|playwright-results/auth-user-authentication-f-89d2d-gin-Versuche-implementieren-chromium/video.webm]]

[[ATTACHMENT|playwright-results/auth-user-authentication-f-89d2d-gin-Versuche-implementieren-chromium/error-context.md]]
]]>
</system-out>
</testcase>
<testcase name="Benutzer-Authentifizierung - E2E Tests › Mobile Responsiveness › sollte Login auf Mobile-Geräten funktionieren" classname="auth/user-authentication-flow.spec.ts" time="13.043">
<failure message="user-authentication-flow.spec.ts:315:5 sollte Login auf Mobile-Geräten funktionieren" type="FAILURE">
<![CDATA[  [chromium] › auth/user-authentication-flow.spec.ts:315:5 › Benutzer-Authentifizierung - E2E Tests › Mobile Responsiveness › sollte Login auf Mobile-Geräten funktionieren 

    Error: expect(locator).toBeVisible() failed

    Locator:  locator('input[name="email"]')
    Expected: visible
    Received: <element(s) not found>
    Timeout:  10000ms

    Call log:
      - Expect "toBeVisible" with timeout 10000ms
      - waiting for locator('input[name="email"]')


      321 |
      322 |       // Verifiziere Mobile-Optimierung
    > 323 |       await expect(page.locator('input[name="email"]')).toBeVisible();
          |                                                         ^
      324 |       await expect(page.locator('input[name="password"]')).toBeVisible();
      325 |       await expect(page.locator('button[type="submit"]')).toBeVisible();
      326 |
        at /Users/lucas/Downloads/EvolutionHub_Bundle_v1.7_full/evolution-hub/test-suite-v2/src/e2e/auth/user-authentication-flow.spec.ts:323:57

    attachment #1: screenshot (image/png) ──────────────────────────────────────────────────────────
    ../../reports/playwright-results/auth-user-authentication-f-e50b6-obile-Geräten-funktionieren-chromium/test-failed-1.png
    ────────────────────────────────────────────────────────────────────────────────────────────────

    attachment #2: video (video/webm) ──────────────────────────────────────────────────────────────
    ../../reports/playwright-results/auth-user-authentication-f-e50b6-obile-Geräten-funktionieren-chromium/video.webm
    ────────────────────────────────────────────────────────────────────────────────────────────────

    Error Context: ../../reports/playwright-results/auth-user-authentication-f-e50b6-obile-Geräten-funktionieren-chromium/error-context.md
]]>
</failure>
<system-out>
<![CDATA[
[[ATTACHMENT|playwright-results/auth-user-authentication-f-e50b6-obile-Geräten-funktionieren-chromium/test-failed-1.png]]

[[ATTACHMENT|playwright-results/auth-user-authentication-f-e50b6-obile-Geräten-funktionieren-chromium/video.webm]]

[[ATTACHMENT|playwright-results/auth-user-authentication-f-e50b6-obile-Geräten-funktionieren-chromium/error-context.md]]
]]>
</system-out>
</testcase>
<testcase name="Benutzer-Authentifizierung - E2E Tests › Mobile Responsiveness › sollte Touch-Interaktionen auf Mobile unterstützen" classname="auth/user-authentication-flow.spec.ts" time="12.068">
<failure message="user-authentication-flow.spec.ts:337:5 sollte Touch-Interaktionen auf Mobile unterstützen" type="FAILURE">
<![CDATA[  [chromium] › auth/user-authentication-flow.spec.ts:337:5 › Benutzer-Authentifizierung - E2E Tests › Mobile Responsiveness › sollte Touch-Interaktionen auf Mobile unterstützen 

    TimeoutError: locator.boundingBox: Timeout 10000ms exceeded.
    Call log:
      - waiting for locator('button[type="submit"]')


      342 |       // Verifiziere Touch-freundliche Elemente
      343 |       const submitButton = page.locator('button[type="submit"]');
    > 344 |       const buttonBox = await submitButton.boundingBox();
          |                                            ^
      345 |
      346 |       // Button sollte groß genug für Touch sein (mindestens 44px)
      347 |       expect(buttonBox?.height).toBeGreaterThanOrEqual(44);
        at /Users/lucas/Downloads/EvolutionHub_Bundle_v1.7_full/evolution-hub/test-suite-v2/src/e2e/auth/user-authentication-flow.spec.ts:344:44

    attachment #1: screenshot (image/png) ──────────────────────────────────────────────────────────
    ../../reports/playwright-results/auth-user-authentication-f-3928f-nen-auf-Mobile-unterstützen-chromium/test-failed-1.png
    ────────────────────────────────────────────────────────────────────────────────────────────────

    attachment #2: video (video/webm) ──────────────────────────────────────────────────────────────
    ../../reports/playwright-results/auth-user-authentication-f-3928f-nen-auf-Mobile-unterstützen-chromium/video.webm
    ────────────────────────────────────────────────────────────────────────────────────────────────

    Error Context: ../../reports/playwright-results/auth-user-authentication-f-3928f-nen-auf-Mobile-unterstützen-chromium/error-context.md
]]>
</failure>
<system-out>
<![CDATA[
[[ATTACHMENT|playwright-results/auth-user-authentication-f-3928f-nen-auf-Mobile-unterstützen-chromium/test-failed-1.png]]

[[ATTACHMENT|playwright-results/auth-user-authentication-f-3928f-nen-auf-Mobile-unterstützen-chromium/video.webm]]

[[ATTACHMENT|playwright-results/auth-user-authentication-f-3928f-nen-auf-Mobile-unterstützen-chromium/error-context.md]]
]]>
</system-out>
</testcase>
<testcase name="Benutzer-Authentifizierung - E2E Tests › Accessibility (A11Y) › sollte WCAG 2.1 AA Konformität für Login-Formular erfüllen" classname="auth/user-authentication-flow.spec.ts" time="12.817">
<failure message="user-authentication-flow.spec.ts:371:5 sollte WCAG 2.1 AA Konformität für Login-Formular erfüllen" type="FAILURE">
<![CDATA[  [chromium] › auth/user-authentication-flow.spec.ts:371:5 › Benutzer-Authentifizierung - E2E Tests › Accessibility (A11Y) › sollte WCAG 2.1 AA Konformität für Login-Formular erfüllen 

    Error: expect(locator).toHaveAttribute(expected) failed

    Locator: locator('input[name="email"]')
    Expected pattern: /email|e-mail/
    Received: <element(s) not found>
    Timeout: 10000ms

    Call log:
      - Expect "toHaveAttribute" with timeout 10000ms
      - waiting for locator('input[name="email"]')


      374 |
      375 |       // Verifiziere ARIA-Labels
    > 376 |       await expect(page.locator('input[name="email"]')).toHaveAttribute('aria-label', /email|e-mail/);
          |                                                         ^
      377 |       await expect(page.locator('input[name="password"]')).toHaveAttribute('aria-label', /passwort|password/);
      378 |
      379 |       // Verifiziere Fokus-Management
        at /Users/lucas/Downloads/EvolutionHub_Bundle_v1.7_full/evolution-hub/test-suite-v2/src/e2e/auth/user-authentication-flow.spec.ts:376:57

    attachment #1: screenshot (image/png) ──────────────────────────────────────────────────────────
    ../../reports/playwright-results/auth-user-authentication-f-3c887-für-Login-Formular-erfüllen-chromium/test-failed-1.png
    ────────────────────────────────────────────────────────────────────────────────────────────────

    attachment #2: video (video/webm) ──────────────────────────────────────────────────────────────
    ../../reports/playwright-results/auth-user-authentication-f-3c887-für-Login-Formular-erfüllen-chromium/video.webm
    ────────────────────────────────────────────────────────────────────────────────────────────────

    Error Context: ../../reports/playwright-results/auth-user-authentication-f-3c887-für-Login-Formular-erfüllen-chromium/error-context.md
]]>
</failure>
<system-out>
<![CDATA[
[[ATTACHMENT|playwright-results/auth-user-authentication-f-3c887-für-Login-Formular-erfüllen-chromium/test-failed-1.png]]

[[ATTACHMENT|playwright-results/auth-user-authentication-f-3c887-für-Login-Formular-erfüllen-chromium/video.webm]]

[[ATTACHMENT|playwright-results/auth-user-authentication-f-3c887-für-Login-Formular-erfüllen-chromium/error-context.md]]
]]>
</system-out>
</testcase>
<testcase name="Benutzer-Authentifizierung - E2E Tests › Accessibility (A11Y) › sollte Keyboard-Navigation unterstützen" classname="auth/user-authentication-flow.spec.ts" time="10.624">
<failure message="user-authentication-flow.spec.ts:406:5 sollte Keyboard-Navigation unterstützen" type="FAILURE">
<![CDATA[  [chromium] › auth/user-authentication-flow.spec.ts:406:5 › Benutzer-Authentifizierung - E2E Tests › Accessibility (A11Y) › sollte Keyboard-Navigation unterstützen 

    Error: expect(locator).toBeFocused() failed

    Locator:  locator('input[name="email"]')
    Expected: focused
    Received: <element(s) not found>
    Timeout:  10000ms

    Call log:
      - Expect "toBeFocused" with timeout 10000ms
      - waiting for locator('input[name="email"]')


      409 |       // Teste komplette Keyboard-Navigation
      410 |       await page.keyboard.press('Tab'); // Email Feld
    > 411 |       await expect(page.locator('input[name="email"]')).toBeFocused();
          |                                                         ^
      412 |
      413 |       await page.keyboard.press('Tab'); // Password Feld
      414 |       await expect(page.locator('input[name="password"]')).toBeFocused();
        at /Users/lucas/Downloads/EvolutionHub_Bundle_v1.7_full/evolution-hub/test-suite-v2/src/e2e/auth/user-authentication-flow.spec.ts:411:57

    attachment #1: screenshot (image/png) ──────────────────────────────────────────────────────────
    ../../reports/playwright-results/auth-user-authentication-f-5836d-ard-Navigation-unterstützen-chromium/test-failed-1.png
    ────────────────────────────────────────────────────────────────────────────────────────────────

    attachment #2: video (video/webm) ──────────────────────────────────────────────────────────────
    ../../reports/playwright-results/auth-user-authentication-f-5836d-ard-Navigation-unterstützen-chromium/video.webm
    ────────────────────────────────────────────────────────────────────────────────────────────────

    Error Context: ../../reports/playwright-results/auth-user-authentication-f-5836d-ard-Navigation-unterstützen-chromium/error-context.md
]]>
</failure>
<system-out>
<![CDATA[
[[ATTACHMENT|playwright-results/auth-user-authentication-f-5836d-ard-Navigation-unterstützen-chromium/test-failed-1.png]]

[[ATTACHMENT|playwright-results/auth-user-authentication-f-5836d-ard-Navigation-unterstützen-chromium/video.webm]]

[[ATTACHMENT|playwright-results/auth-user-authentication-f-5836d-ard-Navigation-unterstützen-chromium/error-context.md]]
]]>
</system-out>
</testcase>
<testcase name="Benutzer-Authentifizierung - E2E Tests › Accessibility (A11Y) › sollte Screen-Reader-Unterstützung bieten" classname="auth/user-authentication-flow.spec.ts" time="10.605">
<failure message="user-authentication-flow.spec.ts:436:5 sollte Screen-Reader-Unterstützung bieten" type="FAILURE">
<![CDATA[  [chromium] › auth/user-authentication-flow.spec.ts:436:5 › Benutzer-Authentifizierung - E2E Tests › Accessibility (A11Y) › sollte Screen-Reader-Unterstützung bieten 

    TimeoutError: locator.getAttribute: Timeout 10000ms exceeded.
    Call log:
      - waiting for locator('input[name="email"]')


      443 |
      444 |       // Verifiziere aria-label oder aria-labelledby
    > 445 |       const emailAria = await emailInput.getAttribute('aria-label') || await emailInput.getAttribute('aria-labelledby');
          |                                          ^
      446 |       const passwordAria = await passwordInput.getAttribute('aria-label') || await passwordInput.getAttribute('aria-labelledby');
      447 |
      448 |       expect(emailAria).toBeTruthy();
        at /Users/lucas/Downloads/EvolutionHub_Bundle_v1.7_full/evolution-hub/test-suite-v2/src/e2e/auth/user-authentication-flow.spec.ts:445:42

    attachment #1: screenshot (image/png) ──────────────────────────────────────────────────────────
    ../../reports/playwright-results/auth-user-authentication-f-7ac5c-Reader-Unterstützung-bieten-chromium/test-failed-1.png
    ────────────────────────────────────────────────────────────────────────────────────────────────

    attachment #2: video (video/webm) ──────────────────────────────────────────────────────────────
    ../../reports/playwright-results/auth-user-authentication-f-7ac5c-Reader-Unterstützung-bieten-chromium/video.webm
    ────────────────────────────────────────────────────────────────────────────────────────────────

    Error Context: ../../reports/playwright-results/auth-user-authentication-f-7ac5c-Reader-Unterstützung-bieten-chromium/error-context.md
]]>
</failure>
<system-out>
<![CDATA[
[[ATTACHMENT|playwright-results/auth-user-authentication-f-7ac5c-Reader-Unterstützung-bieten-chromium/test-failed-1.png]]

[[ATTACHMENT|playwright-results/auth-user-authentication-f-7ac5c-Reader-Unterstützung-bieten-chromium/video.webm]]

[[ATTACHMENT|playwright-results/auth-user-authentication-f-7ac5c-Reader-Unterstützung-bieten-chromium/error-context.md]]
]]>
</system-out>
</testcase>
<testcase name="Benutzer-Authentifizierung - E2E Tests › Performance und Ladezeiten › sollte Login-Seite schnell laden" classname="auth/user-authentication-flow.spec.ts" time="11.146">
<failure message="user-authentication-flow.spec.ts:462:5 sollte Login-Seite schnell laden" type="FAILURE">
<![CDATA[  [chromium] › auth/user-authentication-flow.spec.ts:462:5 › Benutzer-Authentifizierung - E2E Tests › Performance und Ladezeiten › sollte Login-Seite schnell laden 

    Error: expect(locator).toBeVisible() failed

    Locator:  locator('input[name="email"]')
    Expected: visible
    Received: <element(s) not found>
    Timeout:  10000ms

    Call log:
      - Expect "toBeVisible" with timeout 10000ms
      - waiting for locator('input[name="email"]')


      472 |
      473 |       // Verifiziere, dass alle wichtigen Elemente geladen sind
    > 474 |       await expect(page.locator('input[name="email"]')).toBeVisible();
          |                                                         ^
      475 |       await expect(page.locator('input[name="password"]')).toBeVisible();
      476 |       await expect(page.locator('button[type="submit"]')).toBeVisible();
      477 |     });
        at /Users/lucas/Downloads/EvolutionHub_Bundle_v1.7_full/evolution-hub/test-suite-v2/src/e2e/auth/user-authentication-flow.spec.ts:474:57

    attachment #1: screenshot (image/png) ──────────────────────────────────────────────────────────
    ../../reports/playwright-results/auth-user-authentication-f-56279-e-Login-Seite-schnell-laden-chromium/test-failed-1.png
    ────────────────────────────────────────────────────────────────────────────────────────────────

    attachment #2: video (video/webm) ──────────────────────────────────────────────────────────────
    ../../reports/playwright-results/auth-user-authentication-f-56279-e-Login-Seite-schnell-laden-chromium/video.webm
    ────────────────────────────────────────────────────────────────────────────────────────────────

    Error Context: ../../reports/playwright-results/auth-user-authentication-f-56279-e-Login-Seite-schnell-laden-chromium/error-context.md
]]>
</failure>
<system-out>
<![CDATA[
[[ATTACHMENT|playwright-results/auth-user-authentication-f-56279-e-Login-Seite-schnell-laden-chromium/test-failed-1.png]]

[[ATTACHMENT|playwright-results/auth-user-authentication-f-56279-e-Login-Seite-schnell-laden-chromium/video.webm]]

[[ATTACHMENT|playwright-results/auth-user-authentication-f-56279-e-Login-Seite-schnell-laden-chromium/error-context.md]]
]]>
</system-out>
</testcase>
<testcase name="Benutzer-Authentifizierung - E2E Tests › Performance und Ladezeiten › sollte schnelle Login-Response-Zeiten haben" classname="auth/user-authentication-flow.spec.ts" time="11.19">
<failure message="user-authentication-flow.spec.ts:479:5 sollte schnelle Login-Response-Zeiten haben" type="FAILURE">
<![CDATA[  [chromium] › auth/user-authentication-flow.spec.ts:479:5 › Benutzer-Authentifizierung - E2E Tests › Performance und Ladezeiten › sollte schnelle Login-Response-Zeiten haben 

    TimeoutError: page.fill: Timeout 10000ms exceeded.
    Call log:
      - waiting for locator('input[name="email"]')


      481 |       await page.waitForLoadState('networkidle');
      482 |
    > 483 |       await page.fill('input[name="email"]', 'admin@test-suite.local');
          |                  ^
      484 |       await page.fill('input[name="password"]', 'AdminPass123!');
      485 |
      486 |       const startTime = Date.now();
        at /Users/lucas/Downloads/EvolutionHub_Bundle_v1.7_full/evolution-hub/test-suite-v2/src/e2e/auth/user-authentication-flow.spec.ts:483:18

    attachment #1: screenshot (image/png) ──────────────────────────────────────────────────────────
    ../../reports/playwright-results/auth-user-authentication-f-d4012-Login-Response-Zeiten-haben-chromium/test-failed-1.png
    ────────────────────────────────────────────────────────────────────────────────────────────────

    attachment #2: video (video/webm) ──────────────────────────────────────────────────────────────
    ../../reports/playwright-results/auth-user-authentication-f-d4012-Login-Response-Zeiten-haben-chromium/video.webm
    ────────────────────────────────────────────────────────────────────────────────────────────────

    Error Context: ../../reports/playwright-results/auth-user-authentication-f-d4012-Login-Response-Zeiten-haben-chromium/error-context.md
]]>
</failure>
<system-out>
<![CDATA[
[[ATTACHMENT|playwright-results/auth-user-authentication-f-d4012-Login-Response-Zeiten-haben-chromium/test-failed-1.png]]

[[ATTACHMENT|playwright-results/auth-user-authentication-f-d4012-Login-Response-Zeiten-haben-chromium/video.webm]]

[[ATTACHMENT|playwright-results/auth-user-authentication-f-d4012-Login-Response-Zeiten-haben-chromium/error-context.md]]
]]>
</system-out>
</testcase>
<testcase name="Benutzer-Authentifizierung - E2E Tests › Performance und Ladezeiten › sollte effizient mit vielen gleichzeitigen Sessions umgehen" classname="auth/user-authentication-flow.spec.ts" time="10.723">
<failure message="user-authentication-flow.spec.ts:501:5 sollte effizient mit vielen gleichzeitigen Sessions umgehen" type="FAILURE">
<![CDATA[  [chromium] › auth/user-authentication-flow.spec.ts:501:5 › Benutzer-Authentifizierung - E2E Tests › Performance und Ladezeiten › sollte effizient mit vielen gleichzeitigen Sessions umgehen 

    TimeoutError: page.fill: Timeout 10000ms exceeded.
    Call log:
      - waiting for locator('input[name="email"]')


      513 |           // Führe Login in jedem Kontext durch
      514 |           await newPage.goto('/de/login');
    > 515 |           await newPage.fill('input[name="email"]', 'admin@test-suite.local');
          |                         ^
      516 |           await newPage.fill('input[name="password"]', 'AdminPass123!');
      517 |           await newPage.click('button[type="submit"]');
      518 |           await newPage.waitForURL('**/dashboard');
        at /Users/lucas/Downloads/EvolutionHub_Bundle_v1.7_full/evolution-hub/test-suite-v2/src/e2e/auth/user-authentication-flow.spec.ts:515:25

    attachment #1: screenshot (image/png) ──────────────────────────────────────────────────────────
    ../../reports/playwright-results/auth-user-authentication-f-26db2-chzeitigen-Sessions-umgehen-chromium/test-failed-2.png
    ────────────────────────────────────────────────────────────────────────────────────────────────

    attachment #2: screenshot (image/png) ──────────────────────────────────────────────────────────
    ../../reports/playwright-results/auth-user-authentication-f-26db2-chzeitigen-Sessions-umgehen-chromium/test-failed-1.png
    ────────────────────────────────────────────────────────────────────────────────────────────────

    attachment #3: video (video/webm) ──────────────────────────────────────────────────────────────
    ../../reports/playwright-results/auth-user-authentication-f-26db2-chzeitigen-Sessions-umgehen-chromium/video.webm
    ────────────────────────────────────────────────────────────────────────────────────────────────

    Error Context: ../../reports/playwright-results/auth-user-authentication-f-26db2-chzeitigen-Sessions-umgehen-chromium/error-context.md
]]>
</failure>
<system-out>
<![CDATA[
[[ATTACHMENT|playwright-results/auth-user-authentication-f-26db2-chzeitigen-Sessions-umgehen-chromium/test-failed-2.png]]

[[ATTACHMENT|playwright-results/auth-user-authentication-f-26db2-chzeitigen-Sessions-umgehen-chromium/test-failed-1.png]]

[[ATTACHMENT|playwright-results/auth-user-authentication-f-26db2-chzeitigen-Sessions-umgehen-chromium/video.webm]]

[[ATTACHMENT|playwright-results/auth-user-authentication-f-26db2-chzeitigen-Sessions-umgehen-chromium/error-context.md]]
]]>
</system-out>
</testcase>
</testsuite>
</testsuites>